2016-01-28 23:48:00.564  INFO 29120 --- [main] c.o.s.BookListApplication                : Starting BookListApplication on kyungui-MacBook-Pro.local with PID 29120 (/Users/hongseop/dev/workspace/BookList/target/classes started by hongseop in /Users/hongseop/dev/workspace/BookList)
2016-01-28 23:48:00.566  INFO 29120 --- [main] c.o.s.BookListApplication                : No active profile set, falling back to default profiles: default
2016-01-28 23:48:00.693  INFO 29120 --- [main] ationConfigEmbeddedWebApplicationContext : Refreshing org.springframework.boot.context.embedded.AnnotationConfigEmbeddedWebApplicationContext@77847718: startup date [Thu Jan 28 23:48:00 KST 2016]; root of context hierarchy
2016-01-28 23:48:02.026  INFO 29120 --- [main] o.s.b.f.s.DefaultListableBeanFactory     : Overriding bean definition for bean 'characterEncodingFilter' with a different definition: replacing [Root bean: class [null]; scope=; abstract=false; lazyInit=false; autowireMode=3; dependencyCheck=0; autowireCandidate=true; primary=false; factoryBeanName=bookListApplication; factoryMethodName=characterEncodingFilter; initMethodName=null; destroyMethodName=(inferred); defined in com.openapi.starter.BookListApplication] with [Root bean: class [null]; scope=; abstract=false; lazyInit=false; autowireMode=3; dependencyCheck=0; autowireCandidate=true; primary=false; factoryBeanName=org.springframework.boot.autoconfigure.web.HttpEncodingAutoConfiguration; factoryMethodName=characterEncodingFilter; initMethodName=null; destroyMethodName=(inferred); defined in class path resource [org/springframework/boot/autoconfigure/web/HttpEncodingAutoConfiguration.class]]
2016-01-28 23:48:02.332  INFO 29120 --- [main] trationDelegate$BeanPostProcessorChecker : Bean 'bookListApplication' of type [class com.openapi.starter.BookListApplication$$EnhancerBySpringCGLIB$$e3f29b6b] is not eligible for getting processed by all BeanPostProcessors (for example: not eligible for auto-proxying)
2016-01-28 23:48:02.645  INFO 29120 --- [main] trationDelegate$BeanPostProcessorChecker : Bean 'spring.datasource.CONFIGURATION_PROPERTIES' of type [class org.springframework.boot.autoconfigure.jdbc.DataSourceProperties] is not eligible for getting processed by all BeanPostProcessors (for example: not eligible for auto-proxying)
2016-01-28 23:48:02.646  INFO 29120 --- [main] trationDelegate$BeanPostProcessorChecker : Bean 'org.springframework.boot.autoconfigure.jdbc.DataSourceAutoConfiguration$NonEmbeddedConfiguration' of type [class org.springframework.boot.autoconfigure.jdbc.DataSourceAutoConfiguration$NonEmbeddedConfiguration] is not eligible for getting processed by all BeanPostProcessors (for example: not eligible for auto-proxying)
2016-01-28 23:48:02.887  INFO 29120 --- [main] trationDelegate$BeanPostProcessorChecker : Bean 'dataSource' of type [class org.apache.tomcat.jdbc.pool.DataSource] is not eligible for getting processed by all BeanPostProcessors (for example: not eligible for auto-proxying)
2016-01-28 23:48:02.998  INFO 29120 --- [main] trationDelegate$BeanPostProcessorChecker : Bean 'sqlSessionFactory' of type [class org.apache.ibatis.session.defaults.DefaultSqlSessionFactory] is not eligible for getting processed by all BeanPostProcessors (for example: not eligible for auto-proxying)
2016-01-28 23:48:03.060  INFO 29120 --- [main] trationDelegate$BeanPostProcessorChecker : Bean 'bookMapper' of type [class org.mybatis.spring.mapper.MapperFactoryBean] is not eligible for getting processed by all BeanPostProcessors (for example: not eligible for auto-proxying)
2016-01-28 23:48:03.115  INFO 29120 --- [main] trationDelegate$BeanPostProcessorChecker : Bean 'org.springframework.transaction.annotation.ProxyTransactionManagementConfiguration' of type [class org.springframework.transaction.annotation.ProxyTransactionManagementConfiguration$$EnhancerBySpringCGLIB$$51db1347] is not eligible for getting processed by all BeanPostProcessors (for example: not eligible for auto-proxying)
2016-01-28 23:48:03.561  INFO 29120 --- [main] s.b.c.e.t.TomcatEmbeddedServletContainer : Tomcat initialized with port(s): 8080 (http)
2016-01-28 23:48:03.581  INFO 29120 --- [main] o.a.c.c.StandardService                  : Starting service Tomcat
2016-01-28 23:48:03.583  INFO 29120 --- [main] o.a.c.c.StandardEngine                   : Starting Servlet Engine: Apache Tomcat/8.0.30
2016-01-28 23:48:04.039  INFO 29120 --- [localhost-startStop-1] o.a.j.s.TldScanner                       : At least one JAR was scanned for TLDs yet contained no TLDs. Enable debug logging for this logger for a complete list of JARs that were scanned but no TLDs were found in them. Skipping unneeded JARs during scanning can improve startup time and JSP compilation time.
2016-01-28 23:48:04.048  INFO 29120 --- [localhost-startStop-1] o.a.c.c.C.[.[.[/]                        : Initializing Spring embedded WebApplicationContext
2016-01-28 23:48:04.048  INFO 29120 --- [localhost-startStop-1] o.s.w.c.ContextLoader                    : Root WebApplicationContext: initialization completed in 3361 ms
2016-01-28 23:48:04.451 ERROR 29120 --- [localhost-startStop-1] o.s.b.c.e.t.TomcatStarter                : Error starting Tomcat context: org.springframework.beans.factory.BeanCreationException
2016-01-28 23:48:04.493  WARN 29120 --- [main] ationConfigEmbeddedWebApplicationContext : Exception encountered during context initialization - cancelling refresh attempt: org.springframework.context.ApplicationContextException: Unable to start embedded container; nested exception is org.springframework.boot.context.embedded.EmbeddedServletContainerException: Unable to start embedded Tomcat
2016-01-28 23:48:04.498 ERROR 29120 --- [main] o.s.b.SpringApplication                  : Application startup failed

org.springframework.context.ApplicationContextException: Unable to start embedded container; nested exception is org.springframework.boot.context.embedded.EmbeddedServletContainerException: Unable to start embedded Tomcat
	at org.springframework.boot.context.embedded.EmbeddedWebApplicationContext.onRefresh(EmbeddedWebApplicationContext.java:133)
	at org.springframework.context.support.AbstractApplicationContext.refresh(AbstractApplicationContext.java:532)
	at org.springframework.boot.context.embedded.EmbeddedWebApplicationContext.refresh(EmbeddedWebApplicationContext.java:118)
	at org.springframework.boot.SpringApplication.refresh(SpringApplication.java:764)
	at org.springframework.boot.SpringApplication.doRun(SpringApplication.java:357)
	at org.springframework.boot.SpringApplication.run(SpringApplication.java:305)
	at org.springframework.boot.SpringApplication.run(SpringApplication.java:1124)
	at org.springframework.boot.SpringApplication.run(SpringApplication.java:1113)
	at com.openapi.starter.BookListApplication.main(BookListApplication.java:23)
Caused by: org.springframework.boot.context.embedded.EmbeddedServletContainerException: Unable to start embedded Tomcat
	at org.springframework.boot.context.embedded.tomcat.TomcatEmbeddedServletContainer.initialize(TomcatEmbeddedServletContainer.java:99)
	at org.springframework.boot.context.embedded.tomcat.TomcatEmbeddedServletContainer.<init>(TomcatEmbeddedServletContainer.java:76)
	at org.springframework.boot.context.embedded.tomcat.TomcatEmbeddedServletContainerFactory.getTomcatEmbeddedServletContainer(TomcatEmbeddedServletContainerFactory.java:462)
	at org.springframework.boot.context.embedded.tomcat.TomcatEmbeddedServletContainerFactory.getEmbeddedServletContainer(TomcatEmbeddedServletContainerFactory.java:168)
	at org.springframework.boot.context.embedded.EmbeddedWebApplicationContext.createEmbeddedServletContainer(EmbeddedWebApplicationContext.java:160)
	at org.springframework.boot.context.embedded.EmbeddedWebApplicationContext.onRefresh(EmbeddedWebApplicationContext.java:130)
	... 8 more
Caused by: org.springframework.beans.factory.BeanCreationException: Error creating bean with name 'webMvcConfig': Injection of autowired dependencies failed; nested exception is org.springframework.beans.factory.BeanCreationException: Could not autowire field: org.springframework.web.servlet.handler.HandlerInterceptorAdapter com.openapi.starter.common.WebMvcConfig.SampleInterceptor; nested exception is org.springframework.beans.factory.NoSuchBeanDefinitionException: No qualifying bean of type [org.springframework.web.servlet.handler.HandlerInterceptorAdapter] found for dependency: expected at least 1 bean which qualifies as autowire candidate for this dependency. Dependency annotations: {@org.springframework.beans.factory.annotation.Autowired(required=true)}
	at org.springframework.beans.factory.annotation.AutowiredAnnotationBeanPostProcessor.postProcessPropertyValues(AutowiredAnnotationBeanPostProcessor.java:334)
	at org.springframework.beans.factory.support.AbstractAutowireCapableBeanFactory.populateBean(AbstractAutowireCapableBeanFactory.java:1214)
	at org.springframework.beans.factory.support.AbstractAutowireCapableBeanFactory.doCreateBean(AbstractAutowireCapableBeanFactory.java:543)
	at org.springframework.beans.factory.support.AbstractAutowireCapableBeanFactory.createBean(AbstractAutowireCapableBeanFactory.java:482)
	at org.springframework.beans.factory.support.AbstractBeanFactory$1.getObject(AbstractBeanFactory.java:306)
	at org.springframework.beans.factory.support.DefaultSingletonBeanRegistry.getSingleton(DefaultSingletonBeanRegistry.java:230)
	at org.springframework.beans.factory.support.AbstractBeanFactory.doGetBean(AbstractBeanFactory.java:302)
	at org.springframework.beans.factory.support.AbstractBeanFactory.getBean(AbstractBeanFactory.java:197)
	at org.springframework.beans.factory.support.ConstructorResolver.instantiateUsingFactoryMethod(ConstructorResolver.java:368)
	at org.springframework.beans.factory.support.AbstractAutowireCapableBeanFactory.instantiateUsingFactoryMethod(AbstractAutowireCapableBeanFactory.java:1123)
	at org.springframework.beans.factory.support.AbstractAutowireCapableBeanFactory.createBeanInstance(AbstractAutowireCapableBeanFactory.java:1018)
	at org.springframework.beans.factory.support.AbstractAutowireCapableBeanFactory.doCreateBean(AbstractAutowireCapableBeanFactory.java:510)
	at org.springframework.beans.factory.support.AbstractAutowireCapableBeanFactory.createBean(AbstractAutowireCapableBeanFactory.java:482)
	at org.springframework.beans.factory.support.AbstractBeanFactory$1.getObject(AbstractBeanFactory.java:306)
	at org.springframework.beans.factory.support.DefaultSingletonBeanRegistry.getSingleton(DefaultSingletonBeanRegistry.java:230)
	at org.springframework.beans.factory.support.AbstractBeanFactory.doGetBean(AbstractBeanFactory.java:302)
	at org.springframework.beans.factory.support.AbstractBeanFactory.getBean(AbstractBeanFactory.java:202)
	at org.springframework.boot.context.embedded.ServletContextInitializerBeans.getOrderedBeansOfType(ServletContextInitializerBeans.java:232)
	at org.springframework.boot.context.embedded.ServletContextInitializerBeans.addAsRegistrationBean(ServletContextInitializerBeans.java:180)
	at org.springframework.boot.context.embedded.ServletContextInitializerBeans.addAsRegistrationBean(ServletContextInitializerBeans.java:175)
	at org.springframework.boot.context.embedded.ServletContextInitializerBeans.addAdaptableBeans(ServletContextInitializerBeans.java:157)
	at org.springframework.boot.context.embedded.ServletContextInitializerBeans.<init>(ServletContextInitializerBeans.java:78)
	at org.springframework.boot.context.embedded.EmbeddedWebApplicationContext.getServletContextInitializerBeans(EmbeddedWebApplicationContext.java:237)
	at org.springframework.boot.context.embedded.EmbeddedWebApplicationContext.selfInitialize(EmbeddedWebApplicationContext.java:224)
	at org.springframework.boot.context.embedded.EmbeddedWebApplicationContext.access$000(EmbeddedWebApplicationContext.java:85)
	at org.springframework.boot.context.embedded.EmbeddedWebApplicationContext$1.onStartup(EmbeddedWebApplicationContext.java:209)
	at org.springframework.boot.context.embedded.tomcat.TomcatStarter.onStartup(TomcatStarter.java:55)
	at org.apache.catalina.core.StandardContext.startInternal(StandardContext.java:5244)
	at org.apache.catalina.util.LifecycleBase.start(LifecycleBase.java:150)
	at org.apache.catalina.core.ContainerBase$StartChild.call(ContainerBase.java:1408)
	at org.apache.catalina.core.ContainerBase$StartChild.call(ContainerBase.java:1398)
	at java.util.concurrent.FutureTask.run(FutureTask.java:266)
	at java.util.concurrent.ThreadPoolExecutor.runWorker(ThreadPoolExecutor.java:1142)
	at java.util.concurrent.ThreadPoolExecutor$Worker.run(ThreadPoolExecutor.java:617)
	at java.lang.Thread.run(Thread.java:745)
Caused by: org.springframework.beans.factory.BeanCreationException: Could not autowire field: org.springframework.web.servlet.handler.HandlerInterceptorAdapter com.openapi.starter.common.WebMvcConfig.SampleInterceptor; nested exception is org.springframework.beans.factory.NoSuchBeanDefinitionException: No qualifying bean of type [org.springframework.web.servlet.handler.HandlerInterceptorAdapter] found for dependency: expected at least 1 bean which qualifies as autowire candidate for this dependency. Dependency annotations: {@org.springframework.beans.factory.annotation.Autowired(required=true)}
	at org.springframework.beans.factory.annotation.AutowiredAnnotationBeanPostProcessor$AutowiredFieldElement.inject(AutowiredAnnotationBeanPostProcessor.java:573)
	at org.springframework.beans.factory.annotation.InjectionMetadata.inject(InjectionMetadata.java:88)
	at org.springframework.beans.factory.annotation.AutowiredAnnotationBeanPostProcessor.postProcessPropertyValues(AutowiredAnnotationBeanPostProcessor.java:331)
	... 34 more
Caused by: org.springframework.beans.factory.NoSuchBeanDefinitionException: No qualifying bean of type [org.springframework.web.servlet.handler.HandlerInterceptorAdapter] found for dependency: expected at least 1 bean which qualifies as autowire candidate for this dependency. Dependency annotations: {@org.springframework.beans.factory.annotation.Autowired(required=true)}
	at org.springframework.beans.factory.support.DefaultListableBeanFactory.raiseNoSuchBeanDefinitionException(DefaultListableBeanFactory.java:1373)
	at org.springframework.beans.factory.support.DefaultListableBeanFactory.doResolveDependency(DefaultListableBeanFactory.java:1119)
	at org.springframework.beans.factory.support.DefaultListableBeanFactory.resolveDependency(DefaultListableBeanFactory.java:1014)
	at org.springframework.beans.factory.annotation.AutowiredAnnotationBeanPostProcessor$AutowiredFieldElement.inject(AutowiredAnnotationBeanPostProcessor.java:545)
	... 36 more

2016-01-28 23:48:04.504  INFO 29120 --- [main] .b.l.ClasspathLoggingApplicationListener : Application failed to start with classpath: [file:/Users/hongseop/dev/workspace/BookList/target/classes/, file:/Users/hongseop/.m2/repository/org/springframework/boot/spring-boot-starter-jdbc/1.3.1.RELEASE/spring-boot-starter-jdbc-1.3.1.RELEASE.jar, file:/Users/hongseop/.m2/repository/org/apache/tomcat/tomcat-jdbc/8.0.30/tomcat-jdbc-8.0.30.jar, file:/Users/hongseop/.m2/repository/org/apache/tomcat/tomcat-juli/8.0.30/tomcat-juli-8.0.30.jar, file:/Users/hongseop/.m2/repository/org/springframework/spring-jdbc/4.2.4.RELEASE/spring-jdbc-4.2.4.RELEASE.jar, file:/Users/hongseop/.m2/repository/org/springframework/spring-beans/4.2.4.RELEASE/spring-beans-4.2.4.RELEASE.jar, file:/Users/hongseop/.m2/repository/org/springframework/spring-tx/4.2.4.RELEASE/spring-tx-4.2.4.RELEASE.jar, file:/Users/hongseop/.m2/repository/org/projectlombok/lombok/1.16.6/lombok-1.16.6.jar, file:/Users/hongseop/.m2/repository/org/springframework/boot/spring-boot-starter-web/1.3.1.RELEASE/spring-boot-starter-web-1.3.1.RELEASE.jar, file:/Users/hongseop/.m2/repository/org/springframework/boot/spring-boot-starter-tomcat/1.3.1.RELEASE/spring-boot-starter-tomcat-1.3.1.RELEASE.jar, file:/Users/hongseop/.m2/repository/org/apache/tomcat/embed/tomcat-embed-logging-juli/8.0.30/tomcat-embed-logging-juli-8.0.30.jar, file:/Users/hongseop/.m2/repository/org/apache/tomcat/embed/tomcat-embed-websocket/8.0.30/tomcat-embed-websocket-8.0.30.jar, file:/Users/hongseop/.m2/repository/org/springframework/boot/spring-boot-starter-validation/1.3.1.RELEASE/spring-boot-starter-validation-1.3.1.RELEASE.jar, file:/Users/hongseop/.m2/repository/org/hibernate/hibernate-validator/5.2.2.Final/hibernate-validator-5.2.2.Final.jar, file:/Users/hongseop/.m2/repository/javax/validation/validation-api/1.1.0.Final/validation-api-1.1.0.Final.jar, file:/Users/hongseop/.m2/repository/org/jboss/logging/jboss-logging/3.3.0.Final/jboss-logging-3.3.0.Final.jar, file:/Users/hongseop/.m2/repository/com/fasterxml/classmate/1.1.0/classmate-1.1.0.jar, file:/Users/hongseop/.m2/repository/com/fasterxml/jackson/core/jackson-databind/2.6.4/jackson-databind-2.6.4.jar, file:/Users/hongseop/.m2/repository/com/fasterxml/jackson/core/jackson-annotations/2.6.4/jackson-annotations-2.6.4.jar, file:/Users/hongseop/.m2/repository/com/fasterxml/jackson/core/jackson-core/2.6.4/jackson-core-2.6.4.jar, file:/Users/hongseop/.m2/repository/org/springframework/spring-web/4.2.4.RELEASE/spring-web-4.2.4.RELEASE.jar, file:/Users/hongseop/.m2/repository/org/springframework/spring-aop/4.2.4.RELEASE/spring-aop-4.2.4.RELEASE.jar, file:/Users/hongseop/.m2/repository/aopalliance/aopalliance/1.0/aopalliance-1.0.jar, file:/Users/hongseop/.m2/repository/org/springframework/spring-context/4.2.4.RELEASE/spring-context-4.2.4.RELEASE.jar, file:/Users/hongseop/.m2/repository/org/springframework/spring-webmvc/4.2.4.RELEASE/spring-webmvc-4.2.4.RELEASE.jar, file:/Users/hongseop/.m2/repository/org/springframework/spring-expression/4.2.4.RELEASE/spring-expression-4.2.4.RELEASE.jar, file:/Users/hongseop/.m2/repository/com/ximpleware/vtd-xml/2.11/vtd-xml-2.11.jar, file:/Users/hongseop/.m2/repository/mysql/mysql-connector-java/5.1.38/mysql-connector-java-5.1.38.jar, file:/Users/hongseop/.m2/repository/org/mybatis/mybatis-spring/1.2.2/mybatis-spring-1.2.2.jar, file:/Users/hongseop/.m2/repository/org/mybatis/mybatis/3.2.8/mybatis-3.2.8.jar, file:/Users/hongseop/.m2/repository/org/apache/tomcat/embed/tomcat-embed-jasper/8.0.30/tomcat-embed-jasper-8.0.30.jar, file:/Users/hongseop/.m2/repository/org/apache/tomcat/embed/tomcat-embed-core/8.0.30/tomcat-embed-core-8.0.30.jar, file:/Users/hongseop/.m2/repository/org/apache/tomcat/embed/tomcat-embed-el/8.0.30/tomcat-embed-el-8.0.30.jar, file:/Users/hongseop/.m2/repository/org/eclipse/jdt/core/compiler/ecj/4.4.2/ecj-4.4.2.jar, file:/Users/hongseop/.m2/repository/javax/servlet/jstl/1.2/jstl-1.2.jar, file:/Users/hongseop/.m2/repository/org/hsqldb/hsqldb/2.3.3/hsqldb-2.3.3.jar, file:/Users/hongseop/.m2/repository/org/springframework/boot/spring-boot-starter/1.3.1.RELEASE/spring-boot-starter-1.3.1.RELEASE.jar, file:/Users/hongseop/.m2/repository/org/springframework/boot/spring-boot/1.3.1.RELEASE/spring-boot-1.3.1.RELEASE.jar, file:/Users/hongseop/.m2/repository/org/springframework/boot/spring-boot-autoconfigure/1.3.1.RELEASE/spring-boot-autoconfigure-1.3.1.RELEASE.jar, file:/Users/hongseop/.m2/repository/org/springframework/spring-core/4.2.4.RELEASE/spring-core-4.2.4.RELEASE.jar, file:/Users/hongseop/.m2/repository/org/yaml/snakeyaml/1.16/snakeyaml-1.16.jar, file:/Users/hongseop/.m2/repository/org/springframework/boot/spring-boot-starter-log4j2/1.3.1.RELEASE/spring-boot-starter-log4j2-1.3.1.RELEASE.jar, file:/Users/hongseop/.m2/repository/org/apache/logging/log4j/log4j-slf4j-impl/2.4.1/log4j-slf4j-impl-2.4.1.jar, file:/Users/hongseop/.m2/repository/org/slf4j/slf4j-api/1.7.13/slf4j-api-1.7.13.jar, file:/Users/hongseop/.m2/repository/org/apache/logging/log4j/log4j-api/2.4.1/log4j-api-2.4.1.jar, file:/Users/hongseop/.m2/repository/org/apache/logging/log4j/log4j-core/2.4.1/log4j-core-2.4.1.jar, file:/Users/hongseop/.m2/repository/org/slf4j/jcl-over-slf4j/1.7.13/jcl-over-slf4j-1.7.13.jar, file:/Users/hongseop/.m2/repository/org/slf4j/jul-to-slf4j/1.7.13/jul-to-slf4j-1.7.13.jar]
